<?xml version="1.0" encoding="UTF-8"?>
<!-- Generated by org.testng.reporters.JUnitReportReporter -->
<testsuite hostname="DESKTOP-FNRMUOO" failures="0" tests="1" name="script.Test2" time="7.696" errors="0" timestamp="2023-12-08T15:02:20 IST" skipped="0">
  <testcase classname="script.Test2" name="test2" time="7.696">
    <system-out>
      <![CDATA[test2...]]>
    </system-out>
  </testcase> <!-- test2 -->
  <system-out>
    <![CDATA[test1...
test2...
test3...]]>
  </system-out>
</testsuite> <!-- script.Test2 -->
