<?xml version="1.0" encoding="UTF-8"?>
<!-- Generated by org.testng.reporters.JUnitReportReporter -->
<testsuite hostname="DESKTOP-FNRMUOO" failures="0" tests="1" name="script.Test1" time="21.657" errors="0" timestamp="2023-12-09T13:39:16 IST" skipped="0">
  <testcase classname="script.Test1" name="test1" time="21.657">
    <system-out>
      <![CDATA[akshara
test1...]]>
    </system-out>
  </testcase> <!-- test1 -->
  <system-out>
    <![CDATA[akshara
test1...]]>
  </system-out>
</testsuite> <!-- script.Test1 -->
